<?xml version="1.0" encoding="UTF-8"?>
<testsuite xmlns:xsi="http://www.w3.org/2001/XMLSchema-instance" xsi:noNamespaceSchemaLocation="https://maven.apache.org/surefire/maven-surefire-plugin/xsd/surefire-test-report-3.0.xsd" version="3.0" name="qa.automation.tests.ContaTest" time="13.562" tests="4" errors="0" skipped="0" failures="0">
  <properties>
[...]
</properties>
  <testcase name="test1_InserirConta" classname="qa.automation.tests.ContaTest" time="1.549">
    <system-err><![CDATA[Starting ChromeDriver 89.0.4389.23 (61b08ee2c50024bab004e48d2b1b083cdbdac579-refs/branch-heads/4389@{#294}) on port 7475
Only local connections are allowed.
Please see https://chromedriver.chromium.org/security-considerations for suggestions on keeping ChromeDriver safe.
ChromeDriver was started successfully.
mar 15, 2021 12:26:01 AM org.openqa.selenium.remote.ProtocolHandshake createSession
INFORMAÇÕES: Detected dialect: W3C
]]></system-err>
  </testcase>
  <testcase name="test2_AlterarConta" classname="qa.automation.tests.ContaTest" time="1.77"/>
  <testcase name="test3_InserirContaMesmoNome" classname="qa.automation.tests.ContaTest" time="1.309"/>
  <testcase name="test4_ExcluirConta" classname="qa.automation.tests.ContaTest" time="1.41"/>
</testsuite>